\BOOKMARK [1][-]{section.1}{Solutions : }{}% 1
\BOOKMARK [2][-]{subsection.1.1}{Question 1 : Examples of Markov Chain }{section.1}% 2
\BOOKMARK [2][-]{subsection.1.2}{Question 2}{section.1}% 3
\BOOKMARK [2][-]{subsection.1.3}{Question 3 : Distribution of Step n }{section.1}% 4
\BOOKMARK [2][-]{subsection.1.4}{Question 4 : Higher Order Markov Chain}{section.1}% 5
\BOOKMARK [3][-]{subsubsection.1.4.1}{Markov Chain Of Lg Order}{subsection.1.4}% 6
\BOOKMARK [3][-]{subsubsection.1.4.2}{Markov Chain Of Lg Order : }{subsection.1.4}% 7
\BOOKMARK [2][-]{subsection.1.5}{Question 5}{section.1}% 8
\BOOKMARK [2][-]{subsection.1.6}{Question 6}{section.1}% 9
\BOOKMARK [2][-]{subsection.1.7}{Question 7 : The Chapman\205Kolmogorov equations}{section.1}% 10
\BOOKMARK [2][-]{subsection.1.8}{Question 8 : Classifiction of States}{section.1}% 11
\BOOKMARK [2][-]{subsection.1.9}{Question 9}{section.1}% 12
\BOOKMARK [2][-]{subsection.1.10}{Question 10}{section.1}% 13
\BOOKMARK [2][-]{subsection.1.11}{Question 11 : Random walk \(one dimentional\)}{section.1}% 14
\BOOKMARK [2][-]{subsection.1.12}{Question 12}{section.1}% 15
\BOOKMARK [2][-]{subsection.1.13}{Question 13 : Hitting probabilities }{section.1}% 16
\BOOKMARK [2][-]{subsection.1.14}{Question 14}{section.1}% 17
\BOOKMARK [2][-]{subsection.1.15}{Question 15 : Example}{section.1}% 18
\BOOKMARK [2][-]{subsection.1.16}{16}{section.1}% 19
\BOOKMARK [2][-]{subsection.1.17}{Question 17 :}{section.1}% 20
\BOOKMARK [2][-]{subsection.1.18}{18}{section.1}% 21
\BOOKMARK [2][-]{subsection.1.19}{19}{section.1}% 22
\BOOKMARK [2][-]{subsection.1.20}{Question 20 : Recurrence and transience of random walks}{section.1}% 23
\BOOKMARK [1][-]{section.2}{References :}{}% 24
